#
# There is insufficient memory for the Java Runtime Environment to continue.
# Native memory allocation (mmap) failed to map 4128768 bytes. Error detail: G1 virtual space
# Possible reasons:
#   The system is out of physical RAM or swap space
#   This process is running with CompressedOops enabled, and the Java Heap may be blocking the growth of the native heap
# Possible solutions:
#   Reduce memory load on the system
#   Increase physical memory or swap space
#   Check if swap backing store is full
#   Decrease Java heap size (-Xmx/-Xms)
#   Decrease number of Java threads
#   Decrease Java thread stack sizes (-Xss)
#   Set larger code cache with -XX:ReservedCodeCacheSize=
#   JVM is running with Zero Based Compressed Oops mode in which the Java heap is
#     placed in the first 32GB address space. The Java Heap base address is the
#     maximum limit for the native heap growth. Please use -XX:HeapBaseMinAddress
#     to set the Java Heap base and to place the Java Heap above 32GB virtual address.
# This output file may be truncated or incomplete.
#
#  Out of Memory Error (os_windows.cpp:3815), pid=23572, tid=27192
#
# JRE version:  (21.0.3+13) (build )
# Java VM: OpenJDK 64-Bit Server VM (21.0.3+13-b509.4, mixed mode, sharing, tiered, compressed oops, compressed class ptrs, g1 gc, windows-amd64)
# No core dump will be written. Minidumps are not enabled by default on client versions of Windows
#

---------------  S U M M A R Y ------------

Command Line: git4idea.http.GitAskPassApp Username for 'https://github.com': 

Host: 12th Gen Intel(R) Core(TM) i5-12500H, 16 cores, 15G,  Windows 11 , 64 bit Build 22621 (10.0.22621.3958)
Time: Fri Sep 20 15:00:52 2024 RTZ 2 (s 11 , 64 bit Build 22621 (10.0.22621.3958) elapsed time: 0.010006 seconds (0d 0h 0m 0s)

---------------  T H R E A D  ---------------

Current thread (0x000001dc39cedeb0):  JavaThread "Unknown thread" [_thread_in_vm, id=27192, stack(0x0000000537d00000,0x0000000537e00000) (1024K)]

Stack: [0x0000000537d00000,0x0000000537e00000]
Native frames: (J=compiled Java code, j=interpreted, Vv=VM code, C=native code)
V  [jvm.dll+0x6e02e9]
V  [jvm.dll+0x8bd373]
V  [jvm.dll+0x8bf8ce]
V  [jvm.dll+0x8bffb3]
V  [jvm.dll+0x2879b6]
V  [jvm.dll+0x6dcab5]
V  [jvm.dll+0x6d0f8a]
V  [jvm.dll+0x35f9ab]
V  [jvm.dll+0x367556]
V  [jvm.dll+0x3b8b5b]
V  [jvm.dll+0x3b8e18]
V  [jvm.dll+0x33216c]
V  [jvm.dll+0x332e5b]
V  [jvm.dll+0x8845d9]
V  [jvm.dll+0x3c5f28]
V  [jvm.dll+0x86d7fd]
V  [jvm.dll+0x45ab8e]
V  [jvm.dll+0x45c761]
C  [jli.dll+0x52ab]
C  [ucrtbase.dll+0x29333]
C  [KERNEL32.DLL+0x1257d]
C  [ntdll.dll+0x5af28]


---------------  P R O C E S S  ---------------

Threads class SMR info:
_java_thread_list=0x00007ffbe84cd108, length=0, elements={
}

Java Threads: ( => current thread )
Total: 0

Other Threads:
  0x000001dc3bf6f6f0 WorkerThread "GC Thread#0"                     [id=28976, stack(0x0000000537e00000,0x0000000537f00000) (1024K)]
  0x000001dc3bf80350 ConcurrentGCThread "G1 Main Marker"            [id=31772, stack(0x0000000537f00000,0x0000000538000000) (1024K)]
  0x000001dc3bf80e50 WorkerThread "G1 Conc#0"                       [id=36060, stack(0x0000000538000000,0x0000000538100000) (1024K)]

[error occurred during error reporting (printing all threads), id 0xc0000005, EXCEPTION_ACCESS_VIOLATION (0xc0000005) at pc=0x00007ffbe7bc52c7]
VM state: not at safepoint (not fully initialized)

VM Mutex/Monitor currently owned by a thread:  ([mutex/lock_event])
[0x00007ffbe8541858] Heap_lock - owner thread: 0x000001dc39cedeb0

Heap address: 0x0000000705200000, size: 4014 MB, Compressed Oops mode: Zero based, Oop shift amount: 3

CDS archive(s) mapped at: [0x0000000000000000-0x0000000000000000-0x0000000000000000), size 0, SharedBaseAddress: 0x0000000800000000, ArchiveRelocationMode: 1.
Narrow klass base: 0x0000000000000000, Narrow klass shift: 0, Narrow klass range: 0x0

GC Precious Log:
 CardTable entry size: 512
 Card Set container configuration: InlinePtr #cards 4 size 8 Array Of Cards #cards 16 size 48 Howl #buckets 8 coarsen threshold 3686 Howl Bitmap #cards 512 size 80 coarsen threshold 460 Card regions per heap region 1 cards per card region 4096

Heap:
 garbage-first heap   total 0K, used 0K [0x0000000705200000, 0x0000000800000000)
  region size 2048K, 0 young (0K), 0 survivors (0K)
 Metaspace       used 0K, committed 0K, reserved 0K
  class space    used 0K, committed 0K, reserved 0K

Heap Regions: E=young(eden), S=young(survivor), O=old, HS=humongous(starts), HC=humongous(continues), CS=collection set, F=free, TAMS=top-at-mark-start, PB=parsable bottom

Card table byte_map: [0x000001dc4fe80000,0x000001dc50660000] _byte_map_base: 0x000001dc4c657000

Marking Bits: (CMBitMap*) 0x000001dc3bf6fdf0
 Bits: [0x000001dc50660000, 0x000001dc54518000)

GC Heap History (0 events):
No events

Dll operation events (1 events):
Event: 0.006 Loaded shared library D:\JetBrains\JetBrains Rider 2024.2\jbr\bin\java.dll

Deoptimization events (0 events):
No events

Classes loaded (0 events):
No events

Classes unloaded (0 events):
No events

Classes redefined (0 events):
No events

Internal exceptions (0 events):
No events

ZGC Phase Switch (0 events):
No events

VM Operations (0 events):
No events

Events (0 events):
No events


Dynamic libraries:
0x00007ff62abf0000 - 0x00007ff62abfa000 	D:\JetBrains\JetBrains Rider 2024.2\jbr\bin\java.exe
0x00007ffc80390000 - 0x00007ffc805a7000 	C:\Windows\SYSTEM32\ntdll.dll
0x00007ffc7e0c0000 - 0x00007ffc7e184000 	C:\Windows\System32\KERNEL32.DLL
0x00007ffc7db00000 - 0x00007ffc7dead000 	C:\Windows\System32\KERNELBASE.dll
0x00007ffc7d870000 - 0x00007ffc7d981000 	C:\Windows\System32\ucrtbase.dll
0x00007ffc753f0000 - 0x00007ffc75408000 	D:\JetBrains\JetBrains Rider 2024.2\jbr\bin\jli.dll
0x00007ffc64660000 - 0x00007ffc6467b000 	D:\JetBrains\JetBrains Rider 2024.2\jbr\bin\VCRUNTIME140.dll
0x00007ffc7e940000 - 0x00007ffc7eaee000 	C:\Windows\System32\USER32.dll
0x00007ffc7dad0000 - 0x00007ffc7daf6000 	C:\Windows\System32\win32u.dll
0x00007ffc7c9f0000 - 0x00007ffc7cc83000 	C:\Windows\WinSxS\amd64_microsoft.windows.common-controls_6595b64144ccf1df_6.0.22621.3672_none_2713b9d173822955\COMCTL32.dll
0x00007ffc7f370000 - 0x00007ffc7f399000 	C:\Windows\System32\GDI32.dll
0x00007ffc7ffa0000 - 0x00007ffc80047000 	C:\Windows\System32\msvcrt.dll
0x00007ffc7d750000 - 0x00007ffc7d869000 	C:\Windows\System32\gdi32full.dll
0x00007ffc7d6b0000 - 0x00007ffc7d74a000 	C:\Windows\System32\msvcp_win.dll
0x00007ffc7f320000 - 0x00007ffc7f351000 	C:\Windows\System32\IMM32.DLL
0x00007ffc78110000 - 0x00007ffc7811c000 	D:\JetBrains\JetBrains Rider 2024.2\jbr\bin\vcruntime140_1.dll
0x00007ffc19c50000 - 0x00007ffc19cdd000 	D:\JetBrains\JetBrains Rider 2024.2\jbr\bin\msvcp140.dll
0x00007ffbe7880000 - 0x00007ffbe8632000 	D:\JetBrains\JetBrains Rider 2024.2\jbr\bin\server\jvm.dll
0x00007ffc7eaf0000 - 0x00007ffc7eba2000 	C:\Windows\System32\ADVAPI32.dll
0x00007ffc7e890000 - 0x00007ffc7e939000 	C:\Windows\System32\sechost.dll
0x00007ffc7deb0000 - 0x00007ffc7ded8000 	C:\Windows\System32\bcrypt.dll
0x00007ffc7e760000 - 0x00007ffc7e874000 	C:\Windows\System32\RPCRT4.dll
0x00007ffc80160000 - 0x00007ffc801d1000 	C:\Windows\System32\WS2_32.dll
0x00007ffc7d200000 - 0x00007ffc7d24d000 	C:\Windows\SYSTEM32\POWRPROF.dll
0x00007ffc73a70000 - 0x00007ffc73a7a000 	C:\Windows\SYSTEM32\VERSION.dll
0x00007ffc75250000 - 0x00007ffc75284000 	C:\Windows\SYSTEM32\WINMM.dll
0x00007ffc7ce70000 - 0x00007ffc7ce83000 	C:\Windows\SYSTEM32\UMPDC.dll
0x00007ffc7be60000 - 0x00007ffc7be78000 	C:\Windows\SYSTEM32\kernel.appcore.dll
0x00007ffc753e0000 - 0x00007ffc753ea000 	D:\JetBrains\JetBrains Rider 2024.2\jbr\bin\jimage.dll
0x00007ffc7cfc0000 - 0x00007ffc7d1f2000 	C:\Windows\SYSTEM32\DBGHELP.DLL
0x00007ffc7ef80000 - 0x00007ffc7f30e000 	C:\Windows\System32\combase.dll
0x00007ffc7fc10000 - 0x00007ffc7fce7000 	C:\Windows\System32\OLEAUT32.dll
0x00007ffc7ceb0000 - 0x00007ffc7cee2000 	C:\Windows\SYSTEM32\dbgcore.DLL
0x00007ffc7da50000 - 0x00007ffc7dacb000 	C:\Windows\System32\bcryptPrimitives.dll
0x00007ffc64640000 - 0x00007ffc6465f000 	D:\JetBrains\JetBrains Rider 2024.2\jbr\bin\java.dll

dbghelp: loaded successfully - version: 4.0.5 - missing functions: none
symbol engine: initialized successfully - sym options: 0x614 - pdb path: .;D:\JetBrains\JetBrains Rider 2024.2\jbr\bin;C:\Windows\SYSTEM32;C:\Windows\WinSxS\amd64_microsoft.windows.common-controls_6595b64144ccf1df_6.0.22621.3672_none_2713b9d173822955;D:\JetBrains\JetBrains Rider 2024.2\jbr\bin\server

VM Arguments:
java_command: git4idea.http.GitAskPassApp Username for 'https://github.com': 
java_class_path (initial): D:/JetBrains/JetBrains Rider 2024.2/plugins/vcs-git/lib/git4idea-rt.jar;D:/JetBrains/JetBrains Rider 2024.2/lib/externalProcess-rt.jar
Launcher Type: SUN_STANDARD

[Global flags]
     intx CICompilerCount                          = 12                                        {product} {ergonomic}
     uint ConcGCThreads                            = 3                                         {product} {ergonomic}
     uint G1ConcRefinementThreads                  = 13                                        {product} {ergonomic}
   size_t G1HeapRegionSize                         = 2097152                                   {product} {ergonomic}
    uintx GCDrainStackTargetSize                   = 64                                        {product} {ergonomic}
   size_t InitialHeapSize                          = 264241152                                 {product} {ergonomic}
   size_t MarkStackSize                            = 4194304                                   {product} {ergonomic}
   size_t MaxHeapSize                              = 4208984064                                {product} {ergonomic}
   size_t MinHeapDeltaBytes                        = 2097152                                   {product} {ergonomic}
   size_t MinHeapSize                              = 8388608                                   {product} {ergonomic}
    uintx NonNMethodCodeHeapSize                   = 7602480                                {pd product} {ergonomic}
    uintx NonProfiledCodeHeapSize                  = 122027880                              {pd product} {ergonomic}
    uintx ProfiledCodeHeapSize                     = 122027880                              {pd product} {ergonomic}
    uintx ReservedCodeCacheSize                    = 251658240                              {pd product} {ergonomic}
     bool SegmentedCodeCache                       = true                                      {product} {ergonomic}
   size_t SoftMaxHeapSize                          = 4208984064                             {manageable} {ergonomic}
     bool UseCompressedOops                        = true                           {product lp64_product} {ergonomic}
     bool UseG1GC                                  = true                                      {product} {ergonomic}
     bool UseLargePagesIndividualAllocation        = false                                  {pd product} {ergonomic}

Logging:
Log output configuration:
 #0: stdout all=warning uptime,level,tags foldmultilines=false
 #1: stderr all=off uptime,level,tags foldmultilines=false

Environment Variables:
JAVA_HOME=C:\Program Files\Java\jdk-11.0.16
PATH=C:\Program Files\Git\mingw64\libexec\git-core;C:\Program Files\Git\mingw64\libexec\git-core;C:\Program Files\Git\mingw64\bin;C:\Program Files\Git\usr\bin;C:\Users\Максим\bin;C:\Program Files\MongoDB\Server\7.0\bin;C:\Program Files\Common Files\Oracle\Java\javapath;C:\Program Files (x86)\Common Files\Oracle\Java\javapath;C:\Windows\system32;C:\Windows;C:\Windows\System32\Wbem;C:\Windows\System32\WindowsPowerShell\v1.0;C:\Windows\System32\OpenSSH;C:\Program Files (x86)\NVIDIA Corporation\PhysX\Common;C:\Program Files\Microsoft SQL Server\Client SDK\ODBC\170\Tools\Binn;C:\Program Files (x86)\Microsoft SQL Server\150\Tools\Binn;C:\Program Files\Microsoft SQL Server\150\Tools\Binn;C:\Program Files\Microsoft SQL Server\150\DTS\Binn;C:\Program Files (x86)\Microsoft SQL Server\160\DTS\Binn;C:\Program Files\Azure Data Studio\bin;C:\Program Files\NVIDIA Corporation\NVIDIA NvDLISR;C:\Program Files\dotnet;C:\Program Files (x86)\Windows Kits\10\Windows Performance Toolkit;C:\Program Files\Java\jdk-11.0.16\bin;C:\Program Files\nodejs;C:\Program Files\Docker\Docker\resources\bin;C:\Program Files\Git\cmd;C:\Users\Максим\Desktop\Graphviz-11.0.0-win64\bin;C:\Users\Максим\AppData\Local\Microsoft\WindowsApps;D:\Microsoft VS Code\bin;C:\Program Files\Azure Data Studio\bin;C:\Users\Максим\AppData\Roaming\npm;C:\Users\Максим\.dotnet\tools;C:\Users\Максим\AppData\Local\JetBrains\Toolbox\scripts
USERNAME=Максим
DISPLAY=:0.0
LC_ALL=en_US.UTF-8
TERM=xterm-256color
TMPDIR=C:\Users\2BA0~1\AppData\Local\Temp
OS=Windows_NT
PROCESSOR_IDENTIFIER=Intel64 Family 6 Model 154 Stepping 3, GenuineIntel
TMP=C:\Users\2BA0~1\AppData\Local\Temp
TEMP=C:\Users\2BA0~1\AppData\Local\Temp




Periodic native trim disabled

JNI global refs:
JNI global refs: 0, weak refs: 0

JNI global refs memory usage: 0, weak refs: 0

Process memory usage:
Resident Set Size: 11984K (0% of 16436664K total physical memory with 906888K free physical memory)

OOME stack traces (most recent first):
Classloader memory used:

---------------  S Y S T E M  ---------------

OS:
 Windows 11 , 64 bit Build 22621 (10.0.22621.3958)
OS uptime: 1 days 22:17 hours
Hyper-V role detected

CPU: total 16 (initial active 16) (8 cores per cpu, 2 threads per core) family 6 model 154 stepping 3 microcode 0x423, cx8, cmov, fxsr, ht, mmx, 3dnowpref, sse, sse2, sse3, ssse3, sse4.1, sse4.2, popcnt, lzcnt, tsc, tscinvbit, avx, avx2, aes, erms, clmul, bmi1, bmi2, adx, sha, fma, vzeroupper, clflush, clflushopt, clwb, hv, serialize, rdtscp, rdpid, fsrm, f16c, cet_ibt, cet_ss
Processor Information for processor 0
  Max Mhz: 2500, Current Mhz: 2500, Mhz Limit: 2500
Processor Information for processor 1
  Max Mhz: 2500, Current Mhz: 2500, Mhz Limit: 2500
Processor Information for processor 2
  Max Mhz: 2500, Current Mhz: 2500, Mhz Limit: 2500
Processor Information for processor 3
  Max Mhz: 2500, Current Mhz: 2500, Mhz Limit: 2500
Processor Information for processor 4
  Max Mhz: 2500, Current Mhz: 2500, Mhz Limit: 2500
Processor Information for processor 5
  Max Mhz: 2500, Current Mhz: 2500, Mhz Limit: 2500
Processor Information for processor 6
  Max Mhz: 2500, Current Mhz: 2500, Mhz Limit: 2500
Processor Information for processor 7
  Max Mhz: 2500, Current Mhz: 2500, Mhz Limit: 2500
Processor Information for processor 8
  Max Mhz: 2500, Current Mhz: 1800, Mhz Limit: 1800
Processor Information for processor 9
  Max Mhz: 2500, Current Mhz: 1800, Mhz Limit: 1800
Processor Information for processor 10
  Max Mhz: 2500, Current Mhz: 1500, Mhz Limit: 1800
Processor Information for processor 11
  Max Mhz: 2500, Current Mhz: 1500, Mhz Limit: 1800
Processor Information for processor 12
  Max Mhz: 2500, Current Mhz: 1500, Mhz Limit: 1800
Processor Information for processor 13
  Max Mhz: 2500, Current Mhz: 1500, Mhz Limit: 1800
Processor Information for processor 14
  Max Mhz: 2500, Current Mhz: 1500, Mhz Limit: 1800
Processor Information for processor 15
  Max Mhz: 2500, Current Mhz: 1500, Mhz Limit: 1800

Memory: 4k page, system-wide physical 16051M (885M free)
TotalPageFile size 20147M (AvailPageFile size 7M)
current process WorkingSet (physical memory assigned to process): 11M, peak: 11M
current process commit charge ("private bytes"): 323M, peak: 327M

vm_info: OpenJDK 64-Bit Server VM (21.0.3+13-b509.4) for windows-amd64 JRE (21.0.3+13-b509.4), built on 2024-06-26 by "builduser" with MS VC++ 16.10 / 16.11 (VS2019)

END.
